[2015-04-14 02:14:49] production.ERROR: exception 'PDOException' with message 'SQLSTATE[42000] [1044] Access denied for user ''@'localhost' to database 'forge'' in /Applications/MAMP/htdocs/Capstone/vendor/laravel/framework/src/Illuminate/Database/Connectors/Connector.php:47
Stack trace:
#0 /Applications/MAMP/htdocs/Capstone/vendor/laravel/framework/src/Illuminate/Database/Connectors/Connector.php(47): PDO->__construct('mysql:host=loca...', 'forge', '', Array)
#1 /Applications/MAMP/htdocs/Capstone/vendor/laravel/framework/src/Illuminate/Database/Connectors/MySqlConnector.php(20): Illuminate\Database\Connectors\Connector->createConnection('mysql:host=loca...', Array, Array)
#2 /Applications/MAMP/htdocs/Capstone/vendor/compiled.php(10673): Illuminate\Database\Connectors\MySqlConnector->connect(Array)
#3 /Applications/MAMP/htdocs/Capstone/vendor/compiled.php(10669): Illuminate\Database\Connectors\ConnectionFactory->createSingleConnection(Array)
#4 /Applications/MAMP/htdocs/Capstone/vendor/compiled.php(10587): Illuminate\Database\Connectors\ConnectionFactory->make(Array, 'mysql')
#5 /Applications/MAMP/htdocs/Capstone/vendor/compiled.php(10542): Illuminate\Database\DatabaseManager->makeConnection('mysql')
#6 /Applications/MAMP/htdocs/Capstone/vendor/compiled.php(10434): Illuminate\Database\DatabaseManager->connection(NULL)
#7 /Applications/MAMP/htdocs/Capstone/vendor/compiled.php(10421): Illuminate\Database\Eloquent\Model::resolveConnection(NULL)
#8 /Applications/MAMP/htdocs/Capstone/vendor/compiled.php(9921): Illuminate\Database\Eloquent\Model->getConnection()
#9 /Applications/MAMP/htdocs/Capstone/vendor/compiled.php(9898): Illuminate\Database\Eloquent\Model->newBaseQueryBuilder()
#10 /Applications/MAMP/htdocs/Capstone/vendor/compiled.php(9888): Illuminate\Database\Eloquent\Model->newQueryWithoutScopes()
#11 /Applications/MAMP/htdocs/Capstone/vendor/compiled.php(10505): Illuminate\Database\Eloquent\Model->newQuery()
#12 [internal function]: Illuminate\Database\Eloquent\Model->__call('select', Array)
#13 [internal function]: App\Models\Classified->select('make')
#14 /Applications/MAMP/htdocs/Capstone/vendor/compiled.php(10511): call_user_func_array(Array, Array)
#15 /Applications/MAMP/htdocs/Capstone/app/Http/Controllers/DataController.php(36): Illuminate\Database\Eloquent\Model::__callStatic('select', Array)
#16 /Applications/MAMP/htdocs/Capstone/app/Http/Controllers/DataController.php(36): App\Models\Classified::select('make')
#17 [internal function]: App\Http\Controllers\DataController->index()
#18 /Applications/MAMP/htdocs/Capstone/vendor/compiled.php(8287): call_user_func_array(Array, Array)
#19 /Applications/MAMP/htdocs/Capstone/vendor/compiled.php(8354): Illuminate\Routing\Controller->callAction('index', Array)
#20 /Applications/MAMP/htdocs/Capstone/vendor/compiled.php(8333): Illuminate\Routing\ControllerDispatcher->call(Object(App\Http\Controllers\DataController), Object(Illuminate\Routing\Route), 'index')
#21 [internal function]: Illuminate\Routing\ControllerDispatcher->Illuminate\Routing\{closure}(Object(Illuminate\Http\Request))
#22 /Applications/MAMP/htdocs/Capstone/vendor/compiled.php(8952): call_user_func(Object(Closure), Object(Illuminate\Http\Request))
#23 [internal function]: Illuminate\Pipeline\Pipeline->Illuminate\Pipeline\{closure}(Object(Illuminate\Http\Request))
#24 /Applications/MAMP/htdocs/Capstone/vendor/compiled.php(8935): call_user_func(Object(Closure), Object(Illuminate\Http\Request))
#25 /Applications/MAMP/htdocs/Capstone/vendor/compiled.php(8334): Illuminate\Pipeline\Pipeline->then(Object(Closure))
#26 /Applications/MAMP/htdocs/Capstone/vendor/compiled.php(8320): Illuminate\Routing\ControllerDispatcher->callWithinStack(Object(App\Http\Controllers\DataController), Object(Illuminate\Routing\Route), Object(Illuminate\Http\Request), 'index')
#27 /Applications/MAMP/htdocs/Capstone/vendor/compiled.php(7317): Illuminate\Routing\ControllerDispatcher->dispatch(Object(Illuminate\Routing\Route), Object(Illuminate\Http\Request), 'App\\Http\\Contro...', 'index')
#28 /Applications/MAMP/htdocs/Capstone/vendor/compiled.php(7288): Illuminate\Routing\Route->runWithCustomDispatcher(Object(Illuminate\Http\Request))
#29 /Applications/MAMP/htdocs/Capstone/vendor/compiled.php(6954): Illuminate\Routing\Route->run(Object(Illuminate\Http\Request))
#30 [internal function]: Illuminate\Routing\Router->Illuminate\Routing\{closure}(Object(Illuminate\Http\Request))
#31 /Applications/MAMP/htdocs/Capstone/vendor/compiled.php(8952): call_user_func(Object(Closure), Object(Illuminate\Http\Request))
#32 [internal function]: Illuminate\Pipeline\Pipeline->Illuminate\Pipeline\{closure}(Object(Illuminate\Http\Request))
#33 /Applications/MAMP/htdocs/Capstone/vendor/compiled.php(8935): call_user_func(Object(Closure), Object(Illuminate\Http\Request))
#34 /Applications/MAMP/htdocs/Capstone/vendor/compiled.php(6955): Illuminate\Pipeline\Pipeline->then(Object(Closure))
#35 /Applications/MAMP/htdocs/Capstone/vendor/compiled.php(6944): Illuminate\Routing\Router->runRouteWithinStack(Object(Illuminate\Routing\Route), Object(Illuminate\Http\Request))
#36 /Applications/MAMP/htdocs/Capstone/vendor/compiled.php(6929): Illuminate\Routing\Router->dispatchToRoute(Object(Illuminate\Http\Request))
#37 /Applications/MAMP/htdocs/Capstone/vendor/compiled.php(1935): Illuminate\Routing\Router->dispatch(Object(Illuminate\Http\Request))
#38 [internal function]: Illuminate\Foundation\Http\Kernel->Illuminate\Foundation\Http\{closure}(Object(Illuminate\Http\Request))
#39 /Applications/MAMP/htdocs/Capstone/vendor/compiled.php(8952): call_user_func(Object(Closure), Object(Illuminate\Http\Request))
#40 /Applications/MAMP/htdocs/Capstone/vendor/compiled.php(2438): Illuminate\Pipeline\Pipeline->Illuminate\Pipeline\{closure}(Object(Illuminate\Http\Request))
#41 /Applications/MAMP/htdocs/Capstone/app/Http/Middleware/VerifyCsrfToken.php(17): Illuminate\Foundation\Http\Middleware\VerifyCsrfToken->handle(Object(Illuminate\Http\Request), Object(Closure))
#42 /Applications/MAMP/htdocs/Capstone/vendor/compiled.php(8944): App\Http\Middleware\VerifyCsrfToken->handle(Object(Illuminate\Http\Request), Object(Closure))
#43 /Applications/MAMP/htdocs/Capstone/vendor/compiled.php(12083): Illuminate\Pipeline\Pipeline->Illuminate\Pipeline\{closure}(Object(Illuminate\Http\Request))
#44 /Applications/MAMP/htdocs/Capstone/vendor/compiled.php(8944): Illuminate\View\Middleware\ShareErrorsFromSession->handle(Object(Illuminate\Http\Request), Object(Closure))
#45 /Applications/MAMP/htdocs/Capstone/vendor/compiled.php(10785): Illuminate\Pipeline\Pipeline->Illuminate\Pipeline\{closure}(Object(Illuminate\Http\Request))
#46 /Applications/MAMP/htdocs/Capstone/vendor/compiled.php(8944): Illuminate\Session\Middleware\StartSession->handle(Object(Illuminate\Http\Request), Object(Closure))
#47 /Applications/MAMP/htdocs/Capstone/vendor/compiled.php(11789): Illuminate\Pipeline\Pipeline->Illuminate\Pipeline\{closure}(Object(Illuminate\Http\Request))
#48 /Applications/MAMP/htdocs/Capstone/vendor/compiled.php(8944): Illuminate\Cookie\Middleware\AddQueuedCookiesToResponse->handle(Object(Illuminate\Http\Request), Object(Closure))
#49 /Applications/MAMP/htdocs/Capstone/vendor/compiled.php(11738): Illuminate\Pipeline\Pipeline->Illuminate\Pipeline\{closure}(Object(Illuminate\Http\Request))
#50 /Applications/MAMP/htdocs/Capstone/vendor/compiled.php(8944): Illuminate\Cookie\Middleware\EncryptCookies->handle(Object(Illuminate\Http\Request), Object(Closure))
#51 /Applications/MAMP/htdocs/Capstone/vendor/compiled.php(2478): Illuminate\Pipeline\Pipeline->Illuminate\Pipeline\{closure}(Object(Illuminate\Http\Request))
#52 /Applications/MAMP/htdocs/Capstone/vendor/compiled.php(8944): Illuminate\Foundation\Http\Middleware\CheckForMaintenanceMode->handle(Object(Illuminate\Http\Request), Object(Closure))
#53 [internal function]: Illuminate\Pipeline\Pipeline->Illuminate\Pipeline\{closure}(Object(Illuminate\Http\Request))
#54 /Applications/MAMP/htdocs/Capstone/vendor/compiled.php(8935): call_user_func(Object(Closure), Object(Illuminate\Http\Request))
#55 /Applications/MAMP/htdocs/Capstone/vendor/compiled.php(1891): Illuminate\Pipeline\Pipeline->then(Object(Closure))
#56 /Applications/MAMP/htdocs/Capstone/vendor/compiled.php(1880): Illuminate\Foundation\Http\Kernel->sendRequestThroughRouter(Object(Illuminate\Http\Request))
#57 /Applications/MAMP/htdocs/Capstone/public/index.php(53): Illuminate\Foundation\Http\Kernel->handle(Object(Illuminate\Http\Request))
#58 {main}  
[2015-04-14 02:14:52] production.ERROR: exception 'PDOException' with message 'SQLSTATE[42000] [1044] Access denied for user ''@'localhost' to database 'forge'' in /Applications/MAMP/htdocs/Capstone/vendor/laravel/framework/src/Illuminate/Database/Connectors/Connector.php:47
Stack trace:
#0 /Applications/MAMP/htdocs/Capstone/vendor/laravel/framework/src/Illuminate/Database/Connectors/Connector.php(47): PDO->__construct('mysql:host=loca...', 'forge', '', Array)
#1 /Applications/MAMP/htdocs/Capstone/vendor/laravel/framework/src/Illuminate/Database/Connectors/MySqlConnector.php(20): Illuminate\Database\Connectors\Connector->createConnection('mysql:host=loca...', Array, Array)
#2 /Applications/MAMP/htdocs/Capstone/vendor/compiled.php(10673): Illuminate\Database\Connectors\MySqlConnector->connect(Array)
#3 /Applications/MAMP/htdocs/Capstone/vendor/compiled.php(10669): Illuminate\Database\Connectors\ConnectionFactory->createSingleConnection(Array)
#4 /Applications/MAMP/htdocs/Capstone/vendor/compiled.php(10587): Illuminate\Database\Connectors\ConnectionFactory->make(Array, 'mysql')
#5 /Applications/MAMP/htdocs/Capstone/vendor/compiled.php(10542): Illuminate\Database\DatabaseManager->makeConnection('mysql')
#6 /Applications/MAMP/htdocs/Capstone/vendor/compiled.php(10434): Illuminate\Database\DatabaseManager->connection(NULL)
#7 /Applications/MAMP/htdocs/Capstone/vendor/compiled.php(10421): Illuminate\Database\Eloquent\Model::resolveConnection(NULL)
#8 /Applications/MAMP/htdocs/Capstone/vendor/compiled.php(9921): Illuminate\Database\Eloquent\Model->getConnection()
#9 /Applications/MAMP/htdocs/Capstone/vendor/compiled.php(9898): Illuminate\Database\Eloquent\Model->newBaseQueryBuilder()
#10 /Applications/MAMP/htdocs/Capstone/vendor/compiled.php(9888): Illuminate\Database\Eloquent\Model->newQueryWithoutScopes()
#11 /Applications/MAMP/htdocs/Capstone/vendor/compiled.php(10505): Illuminate\Database\Eloquent\Model->newQuery()
#12 [internal function]: Illuminate\Database\Eloquent\Model->__call('select', Array)
#13 [internal function]: App\Models\Classified->select('make')
#14 /Applications/MAMP/htdocs/Capstone/vendor/compiled.php(10511): call_user_func_array(Array, Array)
#15 /Applications/MAMP/htdocs/Capstone/app/Http/Controllers/DataController.php(36): Illuminate\Database\Eloquent\Model::__callStatic('select', Array)
#16 /Applications/MAMP/htdocs/Capstone/app/Http/Controllers/DataController.php(36): App\Models\Classified::select('make')
#17 [internal function]: App\Http\Controllers\DataController->index()
#18 /Applications/MAMP/htdocs/Capstone/vendor/compiled.php(8287): call_user_func_array(Array, Array)
#19 /Applications/MAMP/htdocs/Capstone/vendor/compiled.php(8354): Illuminate\Routing\Controller->callAction('index', Array)
#20 /Applications/MAMP/htdocs/Capstone/vendor/compiled.php(8333): Illuminate\Routing\ControllerDispatcher->call(Object(App\Http\Controllers\DataController), Object(Illuminate\Routing\Route), 'index')
#21 [internal function]: Illuminate\Routing\ControllerDispatcher->Illuminate\Routing\{closure}(Object(Illuminate\Http\Request))
#22 /Applications/MAMP/htdocs/Capstone/vendor/compiled.php(8952): call_user_func(Object(Closure), Object(Illuminate\Http\Request))
#23 [internal function]: Illuminate\Pipeline\Pipeline->Illuminate\Pipeline\{closure}(Object(Illuminate\Http\Request))
#24 /Applications/MAMP/htdocs/Capstone/vendor/compiled.php(8935): call_user_func(Object(Closure), Object(Illuminate\Http\Request))
#25 /Applications/MAMP/htdocs/Capstone/vendor/compiled.php(8334): Illuminate\Pipeline\Pipeline->then(Object(Closure))
#26 /Applications/MAMP/htdocs/Capstone/vendor/compiled.php(8320): Illuminate\Routing\ControllerDispatcher->callWithinStack(Object(App\Http\Controllers\DataController), Object(Illuminate\Routing\Route), Object(Illuminate\Http\Request), 'index')
#27 /Applications/MAMP/htdocs/Capstone/vendor/compiled.php(7317): Illuminate\Routing\ControllerDispatcher->dispatch(Object(Illuminate\Routing\Route), Object(Illuminate\Http\Request), 'App\\Http\\Contro...', 'index')
#28 /Applications/MAMP/htdocs/Capstone/vendor/compiled.php(7288): Illuminate\Routing\Route->runWithCustomDispatcher(Object(Illuminate\Http\Request))
#29 /Applications/MAMP/htdocs/Capstone/vendor/compiled.php(6954): Illuminate\Routing\Route->run(Object(Illuminate\Http\Request))
#30 [internal function]: Illuminate\Routing\Router->Illuminate\Routing\{closure}(Object(Illuminate\Http\Request))
#31 /Applications/MAMP/htdocs/Capstone/vendor/compiled.php(8952): call_user_func(Object(Closure), Object(Illuminate\Http\Request))
#32 [internal function]: Illuminate\Pipeline\Pipeline->Illuminate\Pipeline\{closure}(Object(Illuminate\Http\Request))
#33 /Applications/MAMP/htdocs/Capstone/vendor/compiled.php(8935): call_user_func(Object(Closure), Object(Illuminate\Http\Request))
#34 /Applications/MAMP/htdocs/Capstone/vendor/compiled.php(6955): Illuminate\Pipeline\Pipeline->then(Object(Closure))
#35 /Applications/MAMP/htdocs/Capstone/vendor/compiled.php(6944): Illuminate\Routing\Router->runRouteWithinStack(Object(Illuminate\Routing\Route), Object(Illuminate\Http\Request))
#36 /Applications/MAMP/htdocs/Capstone/vendor/compiled.php(6929): Illuminate\Routing\Router->dispatchToRoute(Object(Illuminate\Http\Request))
#37 /Applications/MAMP/htdocs/Capstone/vendor/compiled.php(1935): Illuminate\Routing\Router->dispatch(Object(Illuminate\Http\Request))
#38 [internal function]: Illuminate\Foundation\Http\Kernel->Illuminate\Foundation\Http\{closure}(Object(Illuminate\Http\Request))
#39 /Applications/MAMP/htdocs/Capstone/vendor/compiled.php(8952): call_user_func(Object(Closure), Object(Illuminate\Http\Request))
#40 /Applications/MAMP/htdocs/Capstone/vendor/compiled.php(2438): Illuminate\Pipeline\Pipeline->Illuminate\Pipeline\{closure}(Object(Illuminate\Http\Request))
#41 /Applications/MAMP/htdocs/Capstone/app/Http/Middleware/VerifyCsrfToken.php(17): Illuminate\Foundation\Http\Middleware\VerifyCsrfToken->handle(Object(Illuminate\Http\Request), Object(Closure))
#42 /Applications/MAMP/htdocs/Capstone/vendor/compiled.php(8944): App\Http\Middleware\VerifyCsrfToken->handle(Object(Illuminate\Http\Request), Object(Closure))
#43 /Applications/MAMP/htdocs/Capstone/vendor/compiled.php(12083): Illuminate\Pipeline\Pipeline->Illuminate\Pipeline\{closure}(Object(Illuminate\Http\Request))
#44 /Applications/MAMP/htdocs/Capstone/vendor/compiled.php(8944): Illuminate\View\Middleware\ShareErrorsFromSession->handle(Object(Illuminate\Http\Request), Object(Closure))
#45 /Applications/MAMP/htdocs/Capstone/vendor/compiled.php(10785): Illuminate\Pipeline\Pipeline->Illuminate\Pipeline\{closure}(Object(Illuminate\Http\Request))
#46 /Applications/MAMP/htdocs/Capstone/vendor/compiled.php(8944): Illuminate\Session\Middleware\StartSession->handle(Object(Illuminate\Http\Request), Object(Closure))
#47 /Applications/MAMP/htdocs/Capstone/vendor/compiled.php(11789): Illuminate\Pipeline\Pipeline->Illuminate\Pipeline\{closure}(Object(Illuminate\Http\Request))
#48 /Applications/MAMP/htdocs/Capstone/vendor/compiled.php(8944): Illuminate\Cookie\Middleware\AddQueuedCookiesToResponse->handle(Object(Illuminate\Http\Request), Object(Closure))
#49 /Applications/MAMP/htdocs/Capstone/vendor/compiled.php(11738): Illuminate\Pipeline\Pipeline->Illuminate\Pipeline\{closure}(Object(Illuminate\Http\Request))
#50 /Applications/MAMP/htdocs/Capstone/vendor/compiled.php(8944): Illuminate\Cookie\Middleware\EncryptCookies->handle(Object(Illuminate\Http\Request), Object(Closure))
#51 /Applications/MAMP/htdocs/Capstone/vendor/compiled.php(2478): Illuminate\Pipeline\Pipeline->Illuminate\Pipeline\{closure}(Object(Illuminate\Http\Request))
#52 /Applications/MAMP/htdocs/Capstone/vendor/compiled.php(8944): Illuminate\Foundation\Http\Middleware\CheckForMaintenanceMode->handle(Object(Illuminate\Http\Request), Object(Closure))
#53 [internal function]: Illuminate\Pipeline\Pipeline->Illuminate\Pipeline\{closure}(Object(Illuminate\Http\Request))
#54 /Applications/MAMP/htdocs/Capstone/vendor/compiled.php(8935): call_user_func(Object(Closure), Object(Illuminate\Http\Request))
#55 /Applications/MAMP/htdocs/Capstone/vendor/compiled.php(1891): Illuminate\Pipeline\Pipeline->then(Object(Closure))
#56 /Applications/MAMP/htdocs/Capstone/vendor/compiled.php(1880): Illuminate\Foundation\Http\Kernel->sendRequestThroughRouter(Object(Illuminate\Http\Request))
#57 /Applications/MAMP/htdocs/Capstone/public/index.php(53): Illuminate\Foundation\Http\Kernel->handle(Object(Illuminate\Http\Request))
#58 {main}  
[2015-04-14 02:16:05] production.ERROR: exception 'PDOException' with message 'SQLSTATE[42000] [1044] Access denied for user ''@'localhost' to database 'forge'' in /Applications/MAMP/htdocs/Capstone/vendor/laravel/framework/src/Illuminate/Database/Connectors/Connector.php:47
Stack trace:
#0 /Applications/MAMP/htdocs/Capstone/vendor/laravel/framework/src/Illuminate/Database/Connectors/Connector.php(47): PDO->__construct('mysql:host=loca...', 'forge', '', Array)
#1 /Applications/MAMP/htdocs/Capstone/vendor/laravel/framework/src/Illuminate/Database/Connectors/MySqlConnector.php(20): Illuminate\Database\Connectors\Connector->createConnection('mysql:host=loca...', Array, Array)
#2 /Applications/MAMP/htdocs/Capstone/vendor/compiled.php(10673): Illuminate\Database\Connectors\MySqlConnector->connect(Array)
#3 /Applications/MAMP/htdocs/Capstone/vendor/compiled.php(10669): Illuminate\Database\Connectors\ConnectionFactory->createSingleConnection(Array)
#4 /Applications/MAMP/htdocs/Capstone/vendor/compiled.php(10587): Illuminate\Database\Connectors\ConnectionFactory->make(Array, 'mysql')
#5 /Applications/MAMP/htdocs/Capstone/vendor/compiled.php(10542): Illuminate\Database\DatabaseManager->makeConnection('mysql')
#6 /Applications/MAMP/htdocs/Capstone/vendor/compiled.php(10434): Illuminate\Database\DatabaseManager->connection(NULL)
#7 /Applications/MAMP/htdocs/Capstone/vendor/compiled.php(10421): Illuminate\Database\Eloquent\Model::resolveConnection(NULL)
#8 /Applications/MAMP/htdocs/Capstone/vendor/compiled.php(9921): Illuminate\Database\Eloquent\Model->getConnection()
#9 /Applications/MAMP/htdocs/Capstone/vendor/compiled.php(9898): Illuminate\Database\Eloquent\Model->newBaseQueryBuilder()
#10 /Applications/MAMP/htdocs/Capstone/vendor/compiled.php(9888): Illuminate\Database\Eloquent\Model->newQueryWithoutScopes()
#11 /Applications/MAMP/htdocs/Capstone/vendor/compiled.php(10505): Illuminate\Database\Eloquent\Model->newQuery()
#12 [internal function]: Illuminate\Database\Eloquent\Model->__call('select', Array)
#13 [internal function]: App\Models\Classified->select('make')
#14 /Applications/MAMP/htdocs/Capstone/vendor/compiled.php(10511): call_user_func_array(Array, Array)
#15 /Applications/MAMP/htdocs/Capstone/app/Http/Controllers/DataController.php(36): Illuminate\Database\Eloquent\Model::__callStatic('select', Array)
#16 /Applications/MAMP/htdocs/Capstone/app/Http/Controllers/DataController.php(36): App\Models\Classified::select('make')
#17 [internal function]: App\Http\Controllers\DataController->index()
#18 /Applications/MAMP/htdocs/Capstone/vendor/compiled.php(8287): call_user_func_array(Array, Array)
#19 /Applications/MAMP/htdocs/Capstone/vendor/compiled.php(8354): Illuminate\Routing\Controller->callAction('index', Array)
#20 /Applications/MAMP/htdocs/Capstone/vendor/compiled.php(8333): Illuminate\Routing\ControllerDispatcher->call(Object(App\Http\Controllers\DataController), Object(Illuminate\Routing\Route), 'index')
#21 [internal function]: Illuminate\Routing\ControllerDispatcher->Illuminate\Routing\{closure}(Object(Illuminate\Http\Request))
#22 /Applications/MAMP/htdocs/Capstone/vendor/compiled.php(8952): call_user_func(Object(Closure), Object(Illuminate\Http\Request))
#23 [internal function]: Illuminate\Pipeline\Pipeline->Illuminate\Pipeline\{closure}(Object(Illuminate\Http\Request))
#24 /Applications/MAMP/htdocs/Capstone/vendor/compiled.php(8935): call_user_func(Object(Closure), Object(Illuminate\Http\Request))
#25 /Applications/MAMP/htdocs/Capstone/vendor/compiled.php(8334): Illuminate\Pipeline\Pipeline->then(Object(Closure))
#26 /Applications/MAMP/htdocs/Capstone/vendor/compiled.php(8320): Illuminate\Routing\ControllerDispatcher->callWithinStack(Object(App\Http\Controllers\DataController), Object(Illuminate\Routing\Route), Object(Illuminate\Http\Request), 'index')
#27 /Applications/MAMP/htdocs/Capstone/vendor/compiled.php(7317): Illuminate\Routing\ControllerDispatcher->dispatch(Object(Illuminate\Routing\Route), Object(Illuminate\Http\Request), 'App\\Http\\Contro...', 'index')
#28 /Applications/MAMP/htdocs/Capstone/vendor/compiled.php(7288): Illuminate\Routing\Route->runWithCustomDispatcher(Object(Illuminate\Http\Request))
#29 /Applications/MAMP/htdocs/Capstone/vendor/compiled.php(6954): Illuminate\Routing\Route->run(Object(Illuminate\Http\Request))
#30 [internal function]: Illuminate\Routing\Router->Illuminate\Routing\{closure}(Object(Illuminate\Http\Request))
#31 /Applications/MAMP/htdocs/Capstone/vendor/compiled.php(8952): call_user_func(Object(Closure), Object(Illuminate\Http\Request))
#32 [internal function]: Illuminate\Pipeline\Pipeline->Illuminate\Pipeline\{closure}(Object(Illuminate\Http\Request))
#33 /Applications/MAMP/htdocs/Capstone/vendor/compiled.php(8935): call_user_func(Object(Closure), Object(Illuminate\Http\Request))
#34 /Applications/MAMP/htdocs/Capstone/vendor/compiled.php(6955): Illuminate\Pipeline\Pipeline->then(Object(Closure))
#35 /Applications/MAMP/htdocs/Capstone/vendor/compiled.php(6944): Illuminate\Routing\Router->runRouteWithinStack(Object(Illuminate\Routing\Route), Object(Illuminate\Http\Request))
#36 /Applications/MAMP/htdocs/Capstone/vendor/compiled.php(6929): Illuminate\Routing\Router->dispatchToRoute(Object(Illuminate\Http\Request))
#37 /Applications/MAMP/htdocs/Capstone/vendor/compiled.php(1935): Illuminate\Routing\Router->dispatch(Object(Illuminate\Http\Request))
#38 [internal function]: Illuminate\Foundation\Http\Kernel->Illuminate\Foundation\Http\{closure}(Object(Illuminate\Http\Request))
#39 /Applications/MAMP/htdocs/Capstone/vendor/compiled.php(8952): call_user_func(Object(Closure), Object(Illuminate\Http\Request))
#40 /Applications/MAMP/htdocs/Capstone/vendor/compiled.php(2438): Illuminate\Pipeline\Pipeline->Illuminate\Pipeline\{closure}(Object(Illuminate\Http\Request))
#41 /Applications/MAMP/htdocs/Capstone/app/Http/Middleware/VerifyCsrfToken.php(17): Illuminate\Foundation\Http\Middleware\VerifyCsrfToken->handle(Object(Illuminate\Http\Request), Object(Closure))
#42 /Applications/MAMP/htdocs/Capstone/vendor/compiled.php(8944): App\Http\Middleware\VerifyCsrfToken->handle(Object(Illuminate\Http\Request), Object(Closure))
#43 /Applications/MAMP/htdocs/Capstone/vendor/compiled.php(12083): Illuminate\Pipeline\Pipeline->Illuminate\Pipeline\{closure}(Object(Illuminate\Http\Request))
#44 /Applications/MAMP/htdocs/Capstone/vendor/compiled.php(8944): Illuminate\View\Middleware\ShareErrorsFromSession->handle(Object(Illuminate\Http\Request), Object(Closure))
#45 /Applications/MAMP/htdocs/Capstone/vendor/compiled.php(10785): Illuminate\Pipeline\Pipeline->Illuminate\Pipeline\{closure}(Object(Illuminate\Http\Request))
#46 /Applications/MAMP/htdocs/Capstone/vendor/compiled.php(8944): Illuminate\Session\Middleware\StartSession->handle(Object(Illuminate\Http\Request), Object(Closure))
#47 /Applications/MAMP/htdocs/Capstone/vendor/compiled.php(11789): Illuminate\Pipeline\Pipeline->Illuminate\Pipeline\{closure}(Object(Illuminate\Http\Request))
#48 /Applications/MAMP/htdocs/Capstone/vendor/compiled.php(8944): Illuminate\Cookie\Middleware\AddQueuedCookiesToResponse->handle(Object(Illuminate\Http\Request), Object(Closure))
#49 /Applications/MAMP/htdocs/Capstone/vendor/compiled.php(11738): Illuminate\Pipeline\Pipeline->Illuminate\Pipeline\{closure}(Object(Illuminate\Http\Request))
#50 /Applications/MAMP/htdocs/Capstone/vendor/compiled.php(8944): Illuminate\Cookie\Middleware\EncryptCookies->handle(Object(Illuminate\Http\Request), Object(Closure))
#51 /Applications/MAMP/htdocs/Capstone/vendor/compiled.php(2478): Illuminate\Pipeline\Pipeline->Illuminate\Pipeline\{closure}(Object(Illuminate\Http\Request))
#52 /Applications/MAMP/htdocs/Capstone/vendor/compiled.php(8944): Illuminate\Foundation\Http\Middleware\CheckForMaintenanceMode->handle(Object(Illuminate\Http\Request), Object(Closure))
#53 [internal function]: Illuminate\Pipeline\Pipeline->Illuminate\Pipeline\{closure}(Object(Illuminate\Http\Request))
#54 /Applications/MAMP/htdocs/Capstone/vendor/compiled.php(8935): call_user_func(Object(Closure), Object(Illuminate\Http\Request))
#55 /Applications/MAMP/htdocs/Capstone/vendor/compiled.php(1891): Illuminate\Pipeline\Pipeline->then(Object(Closure))
#56 /Applications/MAMP/htdocs/Capstone/vendor/compiled.php(1880): Illuminate\Foundation\Http\Kernel->sendRequestThroughRouter(Object(Illuminate\Http\Request))
#57 /Applications/MAMP/htdocs/Capstone/public/index.php(53): Illuminate\Foundation\Http\Kernel->handle(Object(Illuminate\Http\Request))
#58 {main}  
[2015-04-14 02:16:08] production.ERROR: exception 'PDOException' with message 'SQLSTATE[42000] [1044] Access denied for user ''@'localhost' to database 'forge'' in /Applications/MAMP/htdocs/Capstone/vendor/laravel/framework/src/Illuminate/Database/Connectors/Connector.php:47
Stack trace:
#0 /Applications/MAMP/htdocs/Capstone/vendor/laravel/framework/src/Illuminate/Database/Connectors/Connector.php(47): PDO->__construct('mysql:host=loca...', 'forge', '', Array)
#1 /Applications/MAMP/htdocs/Capstone/vendor/laravel/framework/src/Illuminate/Database/Connectors/MySqlConnector.php(20): Illuminate\Database\Connectors\Connector->createConnection('mysql:host=loca...', Array, Array)
#2 /Applications/MAMP/htdocs/Capstone/vendor/compiled.php(10673): Illuminate\Database\Connectors\MySqlConnector->connect(Array)
#3 /Applications/MAMP/htdocs/Capstone/vendor/compiled.php(10669): Illuminate\Database\Connectors\ConnectionFactory->createSingleConnection(Array)
#4 /Applications/MAMP/htdocs/Capstone/vendor/compiled.php(10587): Illuminate\Database\Connectors\ConnectionFactory->make(Array, 'mysql')
#5 /Applications/MAMP/htdocs/Capstone/vendor/compiled.php(10542): Illuminate\Database\DatabaseManager->makeConnection('mysql')
#6 /Applications/MAMP/htdocs/Capstone/vendor/compiled.php(10434): Illuminate\Database\DatabaseManager->connection(NULL)
#7 /Applications/MAMP/htdocs/Capstone/vendor/compiled.php(10421): Illuminate\Database\Eloquent\Model::resolveConnection(NULL)
#8 /Applications/MAMP/htdocs/Capstone/vendor/compiled.php(9921): Illuminate\Database\Eloquent\Model->getConnection()
#9 /Applications/MAMP/htdocs/Capstone/vendor/compiled.php(9898): Illuminate\Database\Eloquent\Model->newBaseQueryBuilder()
#10 /Applications/MAMP/htdocs/Capstone/vendor/compiled.php(9888): Illuminate\Database\Eloquent\Model->newQueryWithoutScopes()
#11 /Applications/MAMP/htdocs/Capstone/vendor/compiled.php(10505): Illuminate\Database\Eloquent\Model->newQuery()
#12 [internal function]: Illuminate\Database\Eloquent\Model->__call('select', Array)
#13 [internal function]: App\Models\Classified->select('make')
#14 /Applications/MAMP/htdocs/Capstone/vendor/compiled.php(10511): call_user_func_array(Array, Array)
#15 /Applications/MAMP/htdocs/Capstone/app/Http/Controllers/DataController.php(36): Illuminate\Database\Eloquent\Model::__callStatic('select', Array)
#16 /Applications/MAMP/htdocs/Capstone/app/Http/Controllers/DataController.php(36): App\Models\Classified::select('make')
#17 [internal function]: App\Http\Controllers\DataController->index()
#18 /Applications/MAMP/htdocs/Capstone/vendor/compiled.php(8287): call_user_func_array(Array, Array)
#19 /Applications/MAMP/htdocs/Capstone/vendor/compiled.php(8354): Illuminate\Routing\Controller->callAction('index', Array)
#20 /Applications/MAMP/htdocs/Capstone/vendor/compiled.php(8333): Illuminate\Routing\ControllerDispatcher->call(Object(App\Http\Controllers\DataController), Object(Illuminate\Routing\Route), 'index')
#21 [internal function]: Illuminate\Routing\ControllerDispatcher->Illuminate\Routing\{closure}(Object(Illuminate\Http\Request))
#22 /Applications/MAMP/htdocs/Capstone/vendor/compiled.php(8952): call_user_func(Object(Closure), Object(Illuminate\Http\Request))
#23 [internal function]: Illuminate\Pipeline\Pipeline->Illuminate\Pipeline\{closure}(Object(Illuminate\Http\Request))
#24 /Applications/MAMP/htdocs/Capstone/vendor/compiled.php(8935): call_user_func(Object(Closure), Object(Illuminate\Http\Request))
#25 /Applications/MAMP/htdocs/Capstone/vendor/compiled.php(8334): Illuminate\Pipeline\Pipeline->then(Object(Closure))
#26 /Applications/MAMP/htdocs/Capstone/vendor/compiled.php(8320): Illuminate\Routing\ControllerDispatcher->callWithinStack(Object(App\Http\Controllers\DataController), Object(Illuminate\Routing\Route), Object(Illuminate\Http\Request), 'index')
#27 /Applications/MAMP/htdocs/Capstone/vendor/compiled.php(7317): Illuminate\Routing\ControllerDispatcher->dispatch(Object(Illuminate\Routing\Route), Object(Illuminate\Http\Request), 'App\\Http\\Contro...', 'index')
#28 /Applications/MAMP/htdocs/Capstone/vendor/compiled.php(7288): Illuminate\Routing\Route->runWithCustomDispatcher(Object(Illuminate\Http\Request))
#29 /Applications/MAMP/htdocs/Capstone/vendor/compiled.php(6954): Illuminate\Routing\Route->run(Object(Illuminate\Http\Request))
#30 [internal function]: Illuminate\Routing\Router->Illuminate\Routing\{closure}(Object(Illuminate\Http\Request))
#31 /Applications/MAMP/htdocs/Capstone/vendor/compiled.php(8952): call_user_func(Object(Closure), Object(Illuminate\Http\Request))
#32 [internal function]: Illuminate\Pipeline\Pipeline->Illuminate\Pipeline\{closure}(Object(Illuminate\Http\Request))
#33 /Applications/MAMP/htdocs/Capstone/vendor/compiled.php(8935): call_user_func(Object(Closure), Object(Illuminate\Http\Request))
#34 /Applications/MAMP/htdocs/Capstone/vendor/compiled.php(6955): Illuminate\Pipeline\Pipeline->then(Object(Closure))
#35 /Applications/MAMP/htdocs/Capstone/vendor/compiled.php(6944): Illuminate\Routing\Router->runRouteWithinStack(Object(Illuminate\Routing\Route), Object(Illuminate\Http\Request))
#36 /Applications/MAMP/htdocs/Capstone/vendor/compiled.php(6929): Illuminate\Routing\Router->dispatchToRoute(Object(Illuminate\Http\Request))
#37 /Applications/MAMP/htdocs/Capstone/vendor/compiled.php(1935): Illuminate\Routing\Router->dispatch(Object(Illuminate\Http\Request))
#38 [internal function]: Illuminate\Foundation\Http\Kernel->Illuminate\Foundation\Http\{closure}(Object(Illuminate\Http\Request))
#39 /Applications/MAMP/htdocs/Capstone/vendor/compiled.php(8952): call_user_func(Object(Closure), Object(Illuminate\Http\Request))
#40 /Applications/MAMP/htdocs/Capstone/vendor/compiled.php(2438): Illuminate\Pipeline\Pipeline->Illuminate\Pipeline\{closure}(Object(Illuminate\Http\Request))
#41 /Applications/MAMP/htdocs/Capstone/app/Http/Middleware/VerifyCsrfToken.php(17): Illuminate\Foundation\Http\Middleware\VerifyCsrfToken->handle(Object(Illuminate\Http\Request), Object(Closure))
#42 /Applications/MAMP/htdocs/Capstone/vendor/compiled.php(8944): App\Http\Middleware\VerifyCsrfToken->handle(Object(Illuminate\Http\Request), Object(Closure))
#43 /Applications/MAMP/htdocs/Capstone/vendor/compiled.php(12083): Illuminate\Pipeline\Pipeline->Illuminate\Pipeline\{closure}(Object(Illuminate\Http\Request))
#44 /Applications/MAMP/htdocs/Capstone/vendor/compiled.php(8944): Illuminate\View\Middleware\ShareErrorsFromSession->handle(Object(Illuminate\Http\Request), Object(Closure))
#45 /Applications/MAMP/htdocs/Capstone/vendor/compiled.php(10785): Illuminate\Pipeline\Pipeline->Illuminate\Pipeline\{closure}(Object(Illuminate\Http\Request))
#46 /Applications/MAMP/htdocs/Capstone/vendor/compiled.php(8944): Illuminate\Session\Middleware\StartSession->handle(Object(Illuminate\Http\Request), Object(Closure))
#47 /Applications/MAMP/htdocs/Capstone/vendor/compiled.php(11789): Illuminate\Pipeline\Pipeline->Illuminate\Pipeline\{closure}(Object(Illuminate\Http\Request))
#48 /Applications/MAMP/htdocs/Capstone/vendor/compiled.php(8944): Illuminate\Cookie\Middleware\AddQueuedCookiesToResponse->handle(Object(Illuminate\Http\Request), Object(Closure))
#49 /Applications/MAMP/htdocs/Capstone/vendor/compiled.php(11738): Illuminate\Pipeline\Pipeline->Illuminate\Pipeline\{closure}(Object(Illuminate\Http\Request))
#50 /Applications/MAMP/htdocs/Capstone/vendor/compiled.php(8944): Illuminate\Cookie\Middleware\EncryptCookies->handle(Object(Illuminate\Http\Request), Object(Closure))
#51 /Applications/MAMP/htdocs/Capstone/vendor/compiled.php(2478): Illuminate\Pipeline\Pipeline->Illuminate\Pipeline\{closure}(Object(Illuminate\Http\Request))
#52 /Applications/MAMP/htdocs/Capstone/vendor/compiled.php(8944): Illuminate\Foundation\Http\Middleware\CheckForMaintenanceMode->handle(Object(Illuminate\Http\Request), Object(Closure))
#53 [internal function]: Illuminate\Pipeline\Pipeline->Illuminate\Pipeline\{closure}(Object(Illuminate\Http\Request))
#54 /Applications/MAMP/htdocs/Capstone/vendor/compiled.php(8935): call_user_func(Object(Closure), Object(Illuminate\Http\Request))
#55 /Applications/MAMP/htdocs/Capstone/vendor/compiled.php(1891): Illuminate\Pipeline\Pipeline->then(Object(Closure))
#56 /Applications/MAMP/htdocs/Capstone/vendor/compiled.php(1880): Illuminate\Foundation\Http\Kernel->sendRequestThroughRouter(Object(Illuminate\Http\Request))
#57 /Applications/MAMP/htdocs/Capstone/public/index.php(53): Illuminate\Foundation\Http\Kernel->handle(Object(Illuminate\Http\Request))
#58 {main}  
